data range 2.18151 -4.09939
line_graph True
Reading dataset /workspace/res201-alignn-domain-shift/results_recommended/oxide/N500_seed0/finetune_last2/id_prop.csvtrain_data
data range 2.43501 -3.2973
line_graph True
Reading dataset /workspace/res201-alignn-domain-shift/results_recommended/oxide/N500_seed0/finetune_last2/id_prop.csvval_data
data range 2.80622 -4.29198
line_graph True
Reading dataset /workspace/res201-alignn-domain-shift/results_recommended/oxide/N500_seed0/finetune_last2/id_prop.csvtest_data
{"epoch": 1, "train_loss": 0.16863581584766507, "val_loss": 0.03652054816484451}
{
  "dataset_root": "/workspace/res201-alignn-domain-shift/results/oxide/N500_seed0/dataset_root",
  "output_dir": "/workspace/res201-alignn-domain-shift/results_recommended/oxide/N500_seed0/finetune_last2",
  "device": "cpu",
  "n_train": 450,
  "n_val": 50,
  "n_test": 1484,
  "epochs": 1,
  "batch_size": 64,
  "learning_rate": 0.001,
  "unfrozen_groups": [
    "gcn_layers.3",
    "fc"
  ],
  "train_mae_eV_per_atom": 0.03744786287243995,
  "val_best_l1": 0.03652054816484451,
  "test_l1": 0.0,
  "test_mae_eV_per_atom": NaN,
  "prediction_csv": "/workspace/res201-alignn-domain-shift/results_recommended/oxide/N500_seed0/finetune_last2/prediction_results_test_set.csv",
  "elapsed_seconds": 212.49825644493103
}
