data range 4.42212 -2.79107
line_graph True
data range 3.38383 -2.10521
line_graph True
data range 2.75603 -2.21927
line_graph True
{"epoch": 1, "train_loss": 0.38783486584822335, "val_loss": 0.20747093111276627}
{
  "dataset_root": "/workspace/res201-alignn-domain-shift/results/nitride/N1000_seed0/dataset_root",
  "output_dir": "/workspace/res201-alignn-domain-shift/results_recommended/nitride/N1000_seed0/finetune_last2",
  "device": "cpu",
  "n_train": 900,
  "n_val": 100,
  "n_test": 242,
  "epochs": 1,
  "batch_size": 64,
  "learning_rate": 0.001,
  "unfrozen_groups": [
    "gcn_layers.3",
    "fc"
  ],
  "train_mae_eV_per_atom": 0.19671726236324402,
  "val_best_l1": 0.20747093111276627,
  "test_l1": 0.2190285585820675,
  "test_mae_eV_per_atom": 0.21767503259441823,
  "prediction_csv": "/workspace/res201-alignn-domain-shift/results_recommended/nitride/N1000_seed0/finetune_last2/prediction_results_test_set.csv",
  "elapsed_seconds": 355.9364666938782
}
